[0.028s] Invoking command in '/Users/lihong/miniconda3/envs/ros2/csie_project_ws/build/turtlebot3_msgs': CONDA_PROMPT_MODIFIER=(ros2) SHLVL=2 _=/Users/lihong/miniconda3/envs/ros2/bin/env __CF_USER_TEXT_ENCODING=0x1F5:0x2:0x35 /Users/lihong/miniconda3/envs/ros2/bin/cmake /Users/lihong/miniconda3/envs/ros2/csie_project_ws/turtlebot3/turtlebot3_msgs -DAMENT_CMAKE_SYMLINK_INSTALL=1 -DCMAKE_INSTALL_PREFIX=/Users/lihong/miniconda3/envs/ros2/csie_project_ws/install/turtlebot3_msgs
[0.406s] -- The C compiler identification is Clang 15.0.7
[0.507s] -- The CXX compiler identification is Clang 15.0.7
[0.553s] -- Detecting C compiler ABI info
[0.752s] -- Detecting C compiler ABI info - done
[0.755s] -- Check for working C compiler: /Users/lihong/miniconda3/envs/ros2/bin/arm64-apple-darwin20.0.0-clang - skipped
[0.756s] -- Detecting C compile features
[0.756s] -- Detecting C compile features - done
[0.789s] -- Detecting CXX compiler ABI info
[0.980s] -- Detecting CXX compiler ABI info - done
[0.984s] -- Check for working CXX compiler: /Users/lihong/miniconda3/envs/ros2/bin/arm64-apple-darwin20.0.0-clang++ - skipped
[0.984s] -- Detecting CXX compile features
[0.984s] -- Detecting CXX compile features - done
[0.987s] -- Found action_msgs: 1.2.1 (/Users/lihong/miniconda3/envs/ros2/share/action_msgs/cmake)
[1.020s] -- Found Python3: /Users/lihong/miniconda3/envs/ros2/bin/python3.11 (found version "3.11.8") found components: Interpreter 
[1.077s] -- Override CMake install command with custom implementation using symlinks instead of copying resources
[1.139s] -- Found rosidl_generator_c: 3.1.5 (/Users/lihong/miniconda3/envs/ros2/share/rosidl_generator_c/cmake)
[1.144s] -- Found rosidl_adapter: 3.1.5 (/Users/lihong/miniconda3/envs/ros2/share/rosidl_adapter/cmake)
[1.153s] -- Found rosidl_generator_cpp: 3.1.5 (/Users/lihong/miniconda3/envs/ros2/share/rosidl_generator_cpp/cmake)
[1.170s] -- Using all available rosidl_typesupport_c: rosidl_typesupport_fastrtps_c;rosidl_typesupport_introspection_c
[1.191s] -- Using all available rosidl_typesupport_cpp: rosidl_typesupport_fastrtps_cpp;rosidl_typesupport_introspection_cpp
[1.269s] -- Found rosidl_default_generators: 1.2.0 (/Users/lihong/miniconda3/envs/ros2/share/rosidl_default_generators/cmake)
[1.427s] -- Found Python3: /Users/lihong/miniconda3/envs/ros2/include/python3.11 (found version "3.11.8") found components: Development NumPy Interpreter Development.Module Development.Embed 
[1.433s] -- Found std_msgs: 4.2.3 (/Users/lihong/miniconda3/envs/ros2/share/std_msgs/cmake)
[1.486s] -- Found Python3: /Users/lihong/miniconda3/envs/ros2/bin/python3.11 (found version "3.11.8") found components: Interpreter 
[1.661s] -- Found ament_cmake_cppcheck: 0.12.10 (/Users/lihong/miniconda3/envs/ros2/share/ament_cmake_cppcheck/cmake)
[1.663s] -- Found ament_cmake_cpplint: 0.12.10 (/Users/lihong/miniconda3/envs/ros2/share/ament_cmake_cpplint/cmake)
[1.665s] -- Found ament_cmake_uncrustify: 0.12.10 (/Users/lihong/miniconda3/envs/ros2/share/ament_cmake_uncrustify/cmake)
[1.666s] -- Found ament_cmake_ros: 0.10.0 (/Users/lihong/miniconda3/envs/ros2/share/ament_cmake_ros/cmake)
[1.870s] -- Using all available rosidl_typesupport_c: rosidl_typesupport_fastrtps_c;rosidl_typesupport_introspection_c
[1.944s] -- Using all available rosidl_typesupport_cpp: rosidl_typesupport_fastrtps_cpp;rosidl_typesupport_introspection_cpp
[1.948s] CMake Warning (dev) at /Users/lihong/miniconda3/envs/ros2/share/rosidl_generator_py/cmake/rosidl_generator_py_generate_interfaces.cmake:20 (find_package):
[1.948s]   Policy CMP0148 is not set: The FindPythonInterp and FindPythonLibs modules
[1.948s]   are removed.  Run "cmake --help-policy CMP0148" for policy details.  Use
[1.948s]   the cmake_policy command to set the policy and suppress this warning.
[1.948s] 
[1.948s] Call Stack (most recent call first):
[1.948s]   /Users/lihong/miniconda3/envs/ros2/share/ament_cmake_core/cmake/core/ament_execute_extensions.cmake:48 (include)
[1.948s]   /Users/lihong/miniconda3/envs/ros2/share/rosidl_cmake/cmake/rosidl_generate_interfaces.cmake:286 (ament_execute_extensions)
[1.948s]   CMakeLists.txt:45 (rosidl_generate_interfaces)
[1.948s] This warning is for project developers.  Use -Wno-dev to suppress it.
[1.948s] 
[1.963s] -- Found PythonInterp: /Users/lihong/miniconda3/envs/ros2/bin/python3 (found suitable version "3.11.8", minimum required is "3.6") 
[1.964s] -- Found python_cmake_module: 0.10.0 (/Users/lihong/miniconda3/envs/ros2/share/python_cmake_module/cmake)
[1.965s] CMake Warning (dev) at /Users/lihong/miniconda3/envs/ros2/share/python_cmake_module/cmake/Modules/FindPythonExtra.cmake:52 (find_package):
[1.965s]   Policy CMP0148 is not set: The FindPythonInterp and FindPythonLibs modules
[1.965s]   are removed.  Run "cmake --help-policy CMP0148" for policy details.  Use
[1.965s]   the cmake_policy command to set the policy and suppress this warning.
[1.965s] 
[1.965s] Call Stack (most recent call first):
[1.965s]   /Users/lihong/miniconda3/envs/ros2/share/rosidl_generator_py/cmake/rosidl_generator_py_generate_interfaces.cmake:23 (find_package)
[1.965s]   /Users/lihong/miniconda3/envs/ros2/share/ament_cmake_core/cmake/core/ament_execute_extensions.cmake:48 (include)
[1.965s]   /Users/lihong/miniconda3/envs/ros2/share/rosidl_cmake/cmake/rosidl_generate_interfaces.cmake:286 (ament_execute_extensions)
[1.965s]   CMakeLists.txt:45 (rosidl_generate_interfaces)
[1.965s] This warning is for project developers.  Use -Wno-dev to suppress it.
[1.965s] 
[1.980s] -- Using PythonExtra_INCLUDE_DIRS: /Users/lihong/miniconda3/envs/ros2/include/python3.11;/Users/lihong/miniconda3/envs/ros2/include/python3.11
[1.980s] -- Using PythonExtra_LIBRARIES: /Users/lihong/miniconda3/envs/ros2/lib/libpython3.11.dylib
[2.090s] -- Found Python3: /Users/lihong/miniconda3/envs/ros2/include/python3.11 (found version "3.11.8") found components: Development NumPy Interpreter Development.Module Development.Embed 
[2.123s] -- Found ament_cmake_flake8: 0.12.10 (/Users/lihong/miniconda3/envs/ros2/share/ament_cmake_flake8/cmake)
[2.124s] -- Found ament_cmake_pep257: 0.12.10 (/Users/lihong/miniconda3/envs/ros2/share/ament_cmake_pep257/cmake)
[2.142s] -- Configuring done (2.1s)
[2.257s] -- Generating done (0.1s)
[2.267s] -- Build files have been written to: /Users/lihong/miniconda3/envs/ros2/csie_project_ws/build/turtlebot3_msgs
[2.271s] Invoked command in '/Users/lihong/miniconda3/envs/ros2/csie_project_ws/build/turtlebot3_msgs' returned '0': CONDA_PROMPT_MODIFIER=(ros2) SHLVL=2 _=/Users/lihong/miniconda3/envs/ros2/bin/env __CF_USER_TEXT_ENCODING=0x1F5:0x2:0x35 /Users/lihong/miniconda3/envs/ros2/bin/cmake /Users/lihong/miniconda3/envs/ros2/csie_project_ws/turtlebot3/turtlebot3_msgs -DAMENT_CMAKE_SYMLINK_INSTALL=1 -DCMAKE_INSTALL_PREFIX=/Users/lihong/miniconda3/envs/ros2/csie_project_ws/install/turtlebot3_msgs
[2.271s] Invoking command in '/Users/lihong/miniconda3/envs/ros2/csie_project_ws/build/turtlebot3_msgs': CONDA_PROMPT_MODIFIER=(ros2) SHLVL=2 _=/Users/lihong/miniconda3/envs/ros2/bin/env __CF_USER_TEXT_ENCODING=0x1F5:0x2:0x35 /Users/lihong/miniconda3/envs/ros2/bin/cmake --build /Users/lihong/miniconda3/envs/ros2/csie_project_ws/build/turtlebot3_msgs -- -j8 -l8
[2.345s] failed to create symbolic link '/Users/lihong/miniconda3/envs/ros2/csie_project_ws/build/turtlebot3_msgs/ament_cmake_python/turtlebot3_msgs/turtlebot3_msgs' because existing path cannot be removed: Operation not permitted
[2.345s] make[2]: *** [CMakeFiles/ament_cmake_python_symlink_turtlebot3_msgs.dir/build.make:70: CMakeFiles/ament_cmake_python_symlink_turtlebot3_msgs] Error 1
[2.345s] make[1]: *** [CMakeFiles/Makefile2:421: CMakeFiles/ament_cmake_python_symlink_turtlebot3_msgs.dir/all] Error 2
[2.345s] make[1]: *** Waiting for unfinished jobs....
[2.350s] [  1%] Built target turtlebot3_msgs__cpp
[2.365s] [  4%] Building C object CMakeFiles/turtlebot3_msgs__rosidl_generator_c.dir/rosidl_generator_c/turtlebot3_msgs/srv/detail/sound__functions.c.o
[2.365s] [  4%] Building C object CMakeFiles/turtlebot3_msgs__rosidl_generator_c.dir/rosidl_generator_c/turtlebot3_msgs/srv/detail/dqn__functions.c.o
[2.365s] [  7%] Building C object CMakeFiles/turtlebot3_msgs__rosidl_generator_c.dir/rosidl_generator_c/turtlebot3_msgs/action/detail/patrol__functions.c.o
[2.366s] [  7%] Building C object CMakeFiles/turtlebot3_msgs__rosidl_generator_c.dir/rosidl_generator_c/turtlebot3_msgs/msg/detail/version_info__functions.c.o
[2.366s] [  8%] Building C object CMakeFiles/turtlebot3_msgs__rosidl_generator_c.dir/rosidl_generator_c/turtlebot3_msgs/msg/detail/sound__functions.c.o
[2.370s] [  9%] Building C object CMakeFiles/turtlebot3_msgs__rosidl_generator_c.dir/rosidl_generator_c/turtlebot3_msgs/msg/detail/sensor_state__functions.c.o
[2.583s] [ 11%] Linking C shared library libturtlebot3_msgs__rosidl_generator_c.dylib
[2.651s] [ 12%] Built target turtlebot3_msgs__rosidl_generator_c
[2.651s] make: *** [Makefile:146: all] Error 2
[2.654s] Invoked command in '/Users/lihong/miniconda3/envs/ros2/csie_project_ws/build/turtlebot3_msgs' returned '2': CONDA_PROMPT_MODIFIER=(ros2) SHLVL=2 _=/Users/lihong/miniconda3/envs/ros2/bin/env __CF_USER_TEXT_ENCODING=0x1F5:0x2:0x35 /Users/lihong/miniconda3/envs/ros2/bin/cmake --build /Users/lihong/miniconda3/envs/ros2/csie_project_ws/build/turtlebot3_msgs -- -j8 -l8
